06-10-2018 18:06:03	This log contains information about the import schema operation into project 'Database_Handin2' on computer 'LAPTOP-C58FE9CF' by user 'Danny'.
06-10-2018 18:06:03	Import of database schema has started.
06-10-2018 18:06:10	Gathering database credentials
06-10-2018 18:06:10	Gathering database options
06-10-2018 18:06:10	Gathering generic database scoped configuration option
06-10-2018 18:06:10	Gathering users
06-10-2018 18:06:10	Gathering roles
06-10-2018 18:06:10	Gathering application roles
06-10-2018 18:06:10	Gathering role memberships
06-10-2018 18:06:10	Gathering filegroups
06-10-2018 18:06:10	Gathering full-text catalogs
06-10-2018 18:06:10	Gathering assemblies
06-10-2018 18:06:10	Gathering certificates
06-10-2018 18:06:10	Gathering asymmetric keys
06-10-2018 18:06:10	Gathering symmetric keys
06-10-2018 18:06:10	Gathering encrypted symmetric keys
06-10-2018 18:06:10	Gathering schemas
06-10-2018 18:06:10	Gathering XML schema collections
06-10-2018 18:06:10	Gathering user-defined data types
06-10-2018 18:06:10	Gathering user-defined types
06-10-2018 18:06:10	Gathering table types
06-10-2018 18:06:10	Gathering unique keys for table types
06-10-2018 18:06:10	Gathering primary keys for table types
06-10-2018 18:06:10	Gathering indexes for table types
06-10-2018 18:06:10	Gathering check constraints for table types
06-10-2018 18:06:10	Gathering default constraints for table types
06-10-2018 18:06:10	Gathering partition functions
06-10-2018 18:06:10	Gathering partition schemes
06-10-2018 18:06:10	Gathering functions
06-10-2018 18:06:10	Gathering encrypted functions
06-10-2018 18:06:10	Gathering aggregates
06-10-2018 18:06:10	Gathering procedures
06-10-2018 18:06:10	Gathering encrypted procedures
06-10-2018 18:06:10	Gathering tables
06-10-2018 18:06:10	Gathering primary keys
06-10-2018 18:06:10	Gathering unique constraints
06-10-2018 18:06:10	Gathering foreign keys
06-10-2018 18:06:10	Gathering default constraints
06-10-2018 18:06:10	Gathering check constraints
06-10-2018 18:06:10	Gathering views
06-10-2018 18:06:10	Gathering encrypted views
06-10-2018 18:06:10	Gathering indexes
06-10-2018 18:06:10	Gathering statistics
06-10-2018 18:06:10	Gathering full-text index stoplists
06-10-2018 18:06:10	Gathering search property lists
06-10-2018 18:06:10	Gathering search properties
06-10-2018 18:06:10	Gathering full-text indexes
06-10-2018 18:06:10	Gathering column store indexes
06-10-2018 18:06:10	Gathering spatial indexes
06-10-2018 18:06:10	Gathering XML indexes
06-10-2018 18:06:10	Gathering Selective XML indexes
06-10-2018 18:06:10	Gathering encrypted triggers
06-10-2018 18:06:10	Gathering triggers
06-10-2018 18:06:10	Gathering encrypted and clr ddl triggers
06-10-2018 18:06:10	Gathering ddl triggers
06-10-2018 18:06:10	Gathering synonyms
06-10-2018 18:06:10	Gathering defaults
06-10-2018 18:06:10	Gathering data constraint uddt bindings
06-10-2018 18:06:10	Gathering rules
06-10-2018 18:06:10	Gathering data constraint uddt bindings
06-10-2018 18:06:10	Gathering message types
06-10-2018 18:06:10	Gathering queues
06-10-2018 18:06:10	Gathering contracts
06-10-2018 18:06:10	Gathering services
06-10-2018 18:06:10	Gathering event notifications
06-10-2018 18:06:10	Gathering remote service bindings
06-10-2018 18:06:10	Gathering broker priorities
06-10-2018 18:06:10	Gathering signatures
06-10-2018 18:06:10	Gathering data compression options
06-10-2018 18:06:10	Gathering sequence types
06-10-2018 18:06:10	Gathering security policies
06-10-2018 18:06:10	Gather column encryption keys
06-10-2018 18:06:10	Gathering column master keys
06-10-2018 18:06:10	Gathering external data sources
06-10-2018 18:06:10	Gathering external file formats
06-10-2018 18:06:10	Gathering external tables
06-10-2018 18:06:10	Gathering extended properties
06-10-2018 18:06:10	Gathering credentials
06-10-2018 18:06:10	Gathering logins
06-10-2018 18:06:10	Gathering server audits
06-10-2018 18:06:10	Scanning project for duplicate elements
06-10-2018 18:06:10	Finished duplicate element processing
06-10-2018 18:06:11	Finished importing database.
06-10-2018 18:06:11	A summary of the import was saved to the following location: C:\Users\Danny\OneDrive - Aarhus universitet\4. Semester\Repository\I4DAB\Handin2_1\Database_Handin2\Import Schema Logs\Database_Handin2_20181006040603.log
06-10-2018 18:06:11	Click Finish to continue...
