09-10-2018 15:14:29	This log contains information about the import schema operation into project 'Database_Handin2' on computer 'LAPTOP-C58FE9CF' by user 'Danny'.
09-10-2018 15:14:29	Import of database schema has started.
09-10-2018 15:14:36	Gathering database credentials
09-10-2018 15:14:36	Gathering database options
09-10-2018 15:14:36	Gathering users
09-10-2018 15:14:36	Gathering roles
09-10-2018 15:14:36	Gathering application roles
09-10-2018 15:14:36	Gathering role memberships
09-10-2018 15:14:36	Gathering filegroups
09-10-2018 15:14:36	Gathering full-text catalogs
09-10-2018 15:14:36	Gathering assemblies
09-10-2018 15:14:36	Gathering certificates
09-10-2018 15:14:36	Gathering asymmetric keys
09-10-2018 15:14:36	Gathering symmetric keys
09-10-2018 15:14:36	Gathering encrypted symmetric keys
09-10-2018 15:14:36	Gathering schemas
09-10-2018 15:14:36	Gathering XML schema collections
09-10-2018 15:14:36	Gathering user-defined data types
09-10-2018 15:14:36	Gathering user-defined types
09-10-2018 15:14:36	Gathering table types
09-10-2018 15:14:37	Gathering unique keys for table types
09-10-2018 15:14:37	Gathering primary keys for table types
09-10-2018 15:14:37	Gathering indexes for table types
09-10-2018 15:14:37	Gathering check constraints for table types
09-10-2018 15:14:37	Gathering default constraints for table types
09-10-2018 15:14:37	Gathering partition functions
09-10-2018 15:14:37	Gathering partition schemes
09-10-2018 15:14:37	Gathering functions
09-10-2018 15:14:37	Gathering encrypted functions
09-10-2018 15:14:37	Gathering aggregates
09-10-2018 15:14:37	Gathering procedures
09-10-2018 15:14:37	Gathering encrypted procedures
09-10-2018 15:14:37	Gathering tables
09-10-2018 15:14:37	Gathering primary keys
09-10-2018 15:14:37	Gathering unique constraints
09-10-2018 15:14:37	Gathering foreign keys
09-10-2018 15:14:37	Gathering default constraints
09-10-2018 15:14:37	Gathering check constraints
09-10-2018 15:14:37	Gathering views
09-10-2018 15:14:37	Gathering encrypted views
09-10-2018 15:14:37	Gathering indexes
09-10-2018 15:14:37	Gathering statistics
09-10-2018 15:14:37	Gathering full-text index stoplists
09-10-2018 15:14:37	Gathering search property lists
09-10-2018 15:14:37	Gathering search properties
09-10-2018 15:14:37	Gathering full-text indexes
09-10-2018 15:14:37	Gathering column store indexes
09-10-2018 15:14:37	Gathering spatial indexes
09-10-2018 15:14:37	Gathering XML indexes
09-10-2018 15:14:37	Gathering Selective XML indexes
09-10-2018 15:14:37	Gathering encrypted triggers
09-10-2018 15:14:37	Gathering triggers
09-10-2018 15:14:37	Gathering encrypted and clr ddl triggers
09-10-2018 15:14:37	Gathering ddl triggers
09-10-2018 15:14:37	Gathering synonyms
09-10-2018 15:14:37	Gathering defaults
09-10-2018 15:14:37	Gathering data constraint uddt bindings
09-10-2018 15:14:37	Gathering rules
09-10-2018 15:14:37	Gathering data constraint uddt bindings
09-10-2018 15:14:37	Gathering message types
09-10-2018 15:14:37	Gathering queues
09-10-2018 15:14:37	Gathering contracts
09-10-2018 15:14:37	Gathering services
09-10-2018 15:14:37	Gathering event notifications
09-10-2018 15:14:37	Gathering remote service bindings
09-10-2018 15:14:37	Gathering broker priorities
09-10-2018 15:14:37	Gathering signatures
09-10-2018 15:14:37	Gathering data compression options
09-10-2018 15:14:37	Gathering sequence types
09-10-2018 15:14:37	Gathering security policies
09-10-2018 15:14:37	Gather column encryption keys
09-10-2018 15:14:37	Gathering column master keys
09-10-2018 15:14:37	Gathering external data sources
09-10-2018 15:14:37	Gathering external file formats
09-10-2018 15:14:37	Gathering external tables
09-10-2018 15:14:37	Gathering extended properties
09-10-2018 15:14:37	Gathering credentials
09-10-2018 15:14:37	Gathering logins
09-10-2018 15:14:37	Gathering server audits
09-10-2018 15:14:37	Scanning project for duplicate elements
09-10-2018 15:14:37	Finished duplicate element processing
09-10-2018 15:14:38	Finished importing database.
09-10-2018 15:14:38	A summary of the import was saved to the following location: C:\Users\Danny\OneDrive - Aarhus universitet\4. Semester\Repository\I4DAB\Handin2_1\Database_Handin2\Import Schema Logs\Database_Handin2_20181009011429.log
09-10-2018 15:14:38	Click Finish to continue...
