18-10-2018 17:24:10	This log contains information about the import schema operation into project 'Database_Handin2' on computer 'LAPTOP-C58FE9CF' by user 'Danny'.
18-10-2018 17:24:11	Import of database schema has started.
18-10-2018 17:24:11	Gathering database credentials
18-10-2018 17:24:11	Gathering database options
18-10-2018 17:24:11	Gathering users
18-10-2018 17:24:11	Gathering roles
18-10-2018 17:24:11	Gathering application roles
18-10-2018 17:24:11	Gathering role memberships
18-10-2018 17:24:11	Gathering filegroups
18-10-2018 17:24:11	Gathering full-text catalogs
18-10-2018 17:24:11	Gathering assemblies
18-10-2018 17:24:11	Gathering certificates
18-10-2018 17:24:11	Gathering asymmetric keys
18-10-2018 17:24:11	Gathering symmetric keys
18-10-2018 17:24:11	Gathering encrypted symmetric keys
18-10-2018 17:24:11	Gathering schemas
18-10-2018 17:24:11	Gathering XML schema collections
18-10-2018 17:24:11	Gathering user-defined data types
18-10-2018 17:24:11	Gathering user-defined types
18-10-2018 17:24:11	Gathering table types
18-10-2018 17:24:11	Gathering unique keys for table types
18-10-2018 17:24:11	Gathering primary keys for table types
18-10-2018 17:24:11	Gathering indexes for table types
18-10-2018 17:24:11	Gathering check constraints for table types
18-10-2018 17:24:11	Gathering default constraints for table types
18-10-2018 17:24:11	Gathering partition functions
18-10-2018 17:24:11	Gathering partition schemes
18-10-2018 17:24:11	Gathering functions
18-10-2018 17:24:12	Gathering encrypted functions
18-10-2018 17:24:12	Gathering aggregates
18-10-2018 17:24:12	Gathering procedures
18-10-2018 17:24:12	Gathering encrypted procedures
18-10-2018 17:24:12	Gathering tables
18-10-2018 17:24:12	Gathering primary keys
18-10-2018 17:24:12	Gathering unique constraints
18-10-2018 17:24:12	Gathering foreign keys
18-10-2018 17:24:12	Gathering default constraints
18-10-2018 17:24:12	Gathering check constraints
18-10-2018 17:24:12	Gathering views
18-10-2018 17:24:12	Gathering encrypted views
18-10-2018 17:24:12	Gathering indexes
18-10-2018 17:24:12	Gathering statistics
18-10-2018 17:24:12	Gathering full-text index stoplists
18-10-2018 17:24:12	Gathering search property lists
18-10-2018 17:24:12	Gathering search properties
18-10-2018 17:24:12	Gathering full-text indexes
18-10-2018 17:24:12	Gathering column store indexes
18-10-2018 17:24:12	Gathering spatial indexes
18-10-2018 17:24:12	Gathering XML indexes
18-10-2018 17:24:12	Gathering Selective XML indexes
18-10-2018 17:24:12	Gathering encrypted triggers
18-10-2018 17:24:12	Gathering triggers
18-10-2018 17:24:12	Gathering encrypted and clr ddl triggers
18-10-2018 17:24:12	Gathering ddl triggers
18-10-2018 17:24:12	Gathering synonyms
18-10-2018 17:24:12	Gathering defaults
18-10-2018 17:24:12	Gathering data constraint uddt bindings
18-10-2018 17:24:12	Gathering rules
18-10-2018 17:24:12	Gathering data constraint uddt bindings
18-10-2018 17:24:12	Gathering message types
18-10-2018 17:24:12	Gathering queues
18-10-2018 17:24:12	Gathering contracts
18-10-2018 17:24:12	Gathering services
18-10-2018 17:24:12	Gathering event notifications
18-10-2018 17:24:12	Gathering remote service bindings
18-10-2018 17:24:12	Gathering broker priorities
18-10-2018 17:24:12	Gathering signatures
18-10-2018 17:24:12	Gathering data compression options
18-10-2018 17:24:12	Gathering sequence types
18-10-2018 17:24:12	Gathering security policies
18-10-2018 17:24:12	Gather column encryption keys
18-10-2018 17:24:12	Gathering column master keys
18-10-2018 17:24:12	Gathering external data sources
18-10-2018 17:24:12	Gathering external file formats
18-10-2018 17:24:12	Gathering external tables
18-10-2018 17:24:12	Gathering extended properties
18-10-2018 17:24:12	Gathering credentials
18-10-2018 17:24:12	Gathering logins
18-10-2018 17:24:12	Gathering server audits
18-10-2018 17:24:12	Scanning project for duplicate elements
18-10-2018 17:24:12	Finished duplicate element processing
18-10-2018 17:24:12	Finished importing database.
18-10-2018 17:24:12	A summary of the import was saved to the following location: C:\Users\Danny\OneDrive - Aarhus universitet\4. Semester\Repository\I4DAB\Handin2_1\Database_Handin2\Import Schema Logs\Database_Handin2_20181018032410.log
18-10-2018 17:24:12	Click Finish to continue...
