18-10-2018 17:22:31	This log contains information about the import schema operation into project 'Database_Handin2' on computer 'LAPTOP-C58FE9CF' by user 'Danny'.
18-10-2018 17:22:31	Import of database schema has started.
18-10-2018 17:22:41	Gathering database credentials
18-10-2018 17:22:41	Gathering database options
18-10-2018 17:22:41	Gathering users
18-10-2018 17:22:41	Gathering roles
18-10-2018 17:22:41	Gathering application roles
18-10-2018 17:22:41	Gathering role memberships
18-10-2018 17:22:41	Gathering filegroups
18-10-2018 17:22:41	Gathering full-text catalogs
18-10-2018 17:22:41	Gathering assemblies
18-10-2018 17:22:41	Gathering certificates
18-10-2018 17:22:41	Gathering asymmetric keys
18-10-2018 17:22:41	Gathering symmetric keys
18-10-2018 17:22:41	Gathering encrypted symmetric keys
18-10-2018 17:22:41	Gathering schemas
18-10-2018 17:22:41	Gathering XML schema collections
18-10-2018 17:22:41	Gathering user-defined data types
18-10-2018 17:22:41	Gathering user-defined types
18-10-2018 17:22:41	Gathering table types
18-10-2018 17:22:41	Gathering unique keys for table types
18-10-2018 17:22:41	Gathering primary keys for table types
18-10-2018 17:22:41	Gathering indexes for table types
18-10-2018 17:22:41	Gathering check constraints for table types
18-10-2018 17:22:41	Gathering default constraints for table types
18-10-2018 17:22:41	Gathering partition functions
18-10-2018 17:22:41	Gathering partition schemes
18-10-2018 17:22:41	Gathering functions
18-10-2018 17:22:41	Gathering encrypted functions
18-10-2018 17:22:41	Gathering aggregates
18-10-2018 17:22:41	Gathering procedures
18-10-2018 17:22:41	Gathering encrypted procedures
18-10-2018 17:22:41	Gathering tables
18-10-2018 17:22:41	Gathering primary keys
18-10-2018 17:22:41	Gathering unique constraints
18-10-2018 17:22:41	Gathering foreign keys
18-10-2018 17:22:41	Gathering default constraints
18-10-2018 17:22:41	Gathering check constraints
18-10-2018 17:22:41	Gathering views
18-10-2018 17:22:41	Gathering encrypted views
18-10-2018 17:22:41	Gathering indexes
18-10-2018 17:22:41	Gathering statistics
18-10-2018 17:22:41	Gathering full-text index stoplists
18-10-2018 17:22:41	Gathering search property lists
18-10-2018 17:22:41	Gathering search properties
18-10-2018 17:22:41	Gathering full-text indexes
18-10-2018 17:22:41	Gathering column store indexes
18-10-2018 17:22:41	Gathering spatial indexes
18-10-2018 17:22:41	Gathering XML indexes
18-10-2018 17:22:41	Gathering Selective XML indexes
18-10-2018 17:22:41	Gathering encrypted triggers
18-10-2018 17:22:41	Gathering triggers
18-10-2018 17:22:41	Gathering encrypted and clr ddl triggers
18-10-2018 17:22:41	Gathering ddl triggers
18-10-2018 17:22:41	Gathering synonyms
18-10-2018 17:22:41	Gathering defaults
18-10-2018 17:22:41	Gathering data constraint uddt bindings
18-10-2018 17:22:41	Gathering rules
18-10-2018 17:22:41	Gathering data constraint uddt bindings
18-10-2018 17:22:41	Gathering message types
18-10-2018 17:22:41	Gathering queues
18-10-2018 17:22:41	Gathering contracts
18-10-2018 17:22:41	Gathering services
18-10-2018 17:22:41	Gathering event notifications
18-10-2018 17:22:41	Gathering remote service bindings
18-10-2018 17:22:41	Gathering broker priorities
18-10-2018 17:22:41	Gathering signatures
18-10-2018 17:22:41	Gathering data compression options
18-10-2018 17:22:41	Gathering sequence types
18-10-2018 17:22:41	Gathering security policies
18-10-2018 17:22:41	Gather column encryption keys
18-10-2018 17:22:41	Gathering column master keys
18-10-2018 17:22:41	Gathering external data sources
18-10-2018 17:22:41	Gathering external file formats
18-10-2018 17:22:41	Gathering external tables
18-10-2018 17:22:41	Gathering extended properties
18-10-2018 17:22:41	Gathering credentials
18-10-2018 17:22:41	Gathering logins
18-10-2018 17:22:41	Gathering server audits
18-10-2018 17:22:41	Scanning project for duplicate elements
18-10-2018 17:22:41	Finished duplicate element processing
18-10-2018 17:22:42	Finished importing database.
18-10-2018 17:22:42	A summary of the import was saved to the following location: C:\Users\Danny\OneDrive - Aarhus universitet\4. Semester\Repository\I4DAB\Handin2_1\Database_Handin2\Import Schema Logs\Database_Handin2_20181018032231.log
18-10-2018 17:22:42	Click Finish to continue...
