30-09-2018 16:53:49	This log contains information about the import schema operation into project 'Database1' on computer 'LAPTOP-C58FE9CF' by user 'Danny'.
30-09-2018 16:53:49	Import of database schema has started.
30-09-2018 16:53:51	Gathering error messages
30-09-2018 16:53:51	Gathering cryptographic providers
30-09-2018 16:53:51	Gathering credentials
30-09-2018 16:53:51	Gathering logins
30-09-2018 16:53:51	Gathering server roles
30-09-2018 16:53:51	Gathering server role memberships
30-09-2018 16:53:51	Gathering linked servers
30-09-2018 16:53:51	Gathering linked server logins
30-09-2018 16:53:51	Gathering routes
30-09-2018 16:53:51	Gathering ddl triggers
30-09-2018 16:53:51	Gathering encrypted and clr ddl triggers
30-09-2018 16:53:51	Gathering event notifications
30-09-2018 16:53:51	Gathering server audits
30-09-2018 16:53:51	Gathering server audit specifications
30-09-2018 16:53:51	Gathering event notifications
30-09-2018 16:53:58	Gathering database credentials
30-09-2018 16:53:58	Gathering database options
30-09-2018 16:53:58	Gathering users
30-09-2018 16:53:58	Gathering roles
30-09-2018 16:53:58	Gathering application roles
30-09-2018 16:53:58	Gathering role memberships
30-09-2018 16:53:58	Gathering filegroups
30-09-2018 16:53:58	Gathering files
30-09-2018 16:53:58	Gathering full-text catalogs
30-09-2018 16:53:58	Gathering assemblies
30-09-2018 16:53:58	Gathering certificates
30-09-2018 16:53:58	Gathering asymmetric keys
30-09-2018 16:53:58	Gathering symmetric keys
30-09-2018 16:53:58	Gathering encrypted symmetric keys
30-09-2018 16:53:58	Gathering database encryption keys
30-09-2018 16:53:58	Gathering schemas
30-09-2018 16:53:58	Gathering XML schema collections
30-09-2018 16:53:58	Gathering user-defined data types
30-09-2018 16:53:58	Gathering user-defined types
30-09-2018 16:53:58	Gathering table types
30-09-2018 16:53:58	Gathering unique keys for table types
30-09-2018 16:53:58	Gathering primary keys for table types
30-09-2018 16:53:58	Gathering indexes for table types
30-09-2018 16:53:59	Gathering check constraints for table types
30-09-2018 16:53:59	Gathering default constraints for table types
30-09-2018 16:53:59	Gathering partition functions
30-09-2018 16:53:59	Gathering partition schemes
30-09-2018 16:53:59	Gathering functions
30-09-2018 16:53:59	Gathering encrypted functions
30-09-2018 16:53:59	Gathering aggregates
30-09-2018 16:53:59	Gathering procedures
30-09-2018 16:53:59	Gathering encrypted procedures
30-09-2018 16:53:59	Gathering tables
30-09-2018 16:53:59	Gathering primary keys
30-09-2018 16:53:59	Gathering unique constraints
30-09-2018 16:53:59	Gathering foreign keys
30-09-2018 16:53:59	Gathering default constraints
30-09-2018 16:53:59	Gathering check constraints
30-09-2018 16:53:59	Gathering views
30-09-2018 16:53:59	Gathering encrypted views
30-09-2018 16:53:59	Gathering indexes
30-09-2018 16:53:59	Gathering statistics
30-09-2018 16:53:59	Gathering full-text index stoplists
30-09-2018 16:53:59	Gathering search property lists
30-09-2018 16:53:59	Gathering search properties
30-09-2018 16:53:59	Gathering full-text indexes
30-09-2018 16:53:59	Gathering column store indexes
30-09-2018 16:53:59	Gathering spatial indexes
30-09-2018 16:53:59	Gathering XML indexes
30-09-2018 16:53:59	Gathering Selective XML indexes
30-09-2018 16:53:59	Gathering encrypted triggers
30-09-2018 16:53:59	Gathering triggers
30-09-2018 16:53:59	Gathering encrypted and clr ddl triggers
30-09-2018 16:53:59	Gathering ddl triggers
30-09-2018 16:53:59	Gathering synonyms
30-09-2018 16:53:59	Gathering defaults
30-09-2018 16:53:59	Gathering data constraint uddt bindings
30-09-2018 16:53:59	Gathering rules
30-09-2018 16:53:59	Gathering data constraint uddt bindings
30-09-2018 16:53:59	Gathering message types
30-09-2018 16:53:59	Gathering queues
30-09-2018 16:53:59	Gathering contracts
30-09-2018 16:53:59	Gathering services
30-09-2018 16:53:59	Gathering routes
30-09-2018 16:53:59	Gathering event notifications
30-09-2018 16:53:59	Gathering remote service bindings
30-09-2018 16:53:59	Gathering broker priorities
30-09-2018 16:53:59	Gathering database audit specifications
30-09-2018 16:53:59	Gathering signatures
30-09-2018 16:53:59	Gathering data compression options
30-09-2018 16:53:59	Gathering sequence types
30-09-2018 16:53:59	Gathering security policies
30-09-2018 16:53:59	Gather column encryption keys
30-09-2018 16:53:59	Gathering column master keys
30-09-2018 16:53:59	Gathering external data sources
30-09-2018 16:53:59	Gathering external file formats
30-09-2018 16:53:59	Gathering external tables
30-09-2018 16:53:59	Gathering extended properties
30-09-2018 16:54:00	Scanning project for duplicate elements
30-09-2018 16:54:04	Finished duplicate element processing
30-09-2018 16:54:05	Finished importing database.
30-09-2018 16:54:05	A summary of the import was saved to the following location: C:\Users\Danny\OneDrive - Aarhus universitet\4. Semester\Repository\I4DAB\Handin2_1\Database1\Import Schema Logs\Database1_20180930025349.log
30-09-2018 16:54:05	Click Finish to continue...
